Content-Type: multipart/alternative; boundary="===============1567896666=="
MIME-Version: 1.0
Subject: Profile activation
From: test@example.com
To: chaudharyrehan110@gmail.com
Date: Fri, 17 Jan 2020 14:23:33 -0000
Message-ID: <157927101344.3116.5637144585704941278@LAPTOP-CBJP1AE2>

--===============1567896666==
Content-Type: text/plain; charset="utf-8"
MIME-Version: 1.0
Content-Transfer-Encoding: 7bit



To activate your profile, please follow this link:

http://127.0.0.1:8000/accounts/activate/VoZfLj35Ya4n80vhwbJU/

--===============1567896666==
Content-Type: text/html; charset="utf-8"
MIME-Version: 1.0
Content-Transfer-Encoding: 7bit



<!DOCTYPE html PUBLIC "-//W3C//DTD XHTML 1.0 Transitional//EN"
        "http://www.w3.org/TR/xhtml1/DTD/xhtml1-transitional.dtd">
<html xmlns="http://www.w3.org/1999/xhtml">
<head>
    <meta http-equiv="Content-Type" content="text/html; charset=UTF-8"/>
    <title>Profile activation</title>
    <meta name="viewport" content="width=device-width, initial-scale=1.0"/>
</head>

<body>

<p>
    To activate your profile, please follow this link:
</p>

<p>
    <a href="http://127.0.0.1:8000/accounts/activate/VoZfLj35Ya4n80vhwbJU/">http://127.0.0.1:8000/accounts/activate/VoZfLj35Ya4n80vhwbJU/</a>
</p>

</body>

</html>

--===============1567896666==--

-------------------------------------------------------------------------------
