Content-Type: multipart/alternative; boundary="===============0739886684=="
MIME-Version: 1.0
Subject: Profile activation
From: test@example.com
To: chaudharyrehan567@gmail.com
Date: Mon, 01 Jun 2020 09:57:18 -0000
Message-ID: <159100543805.9772.8600239416291265030@LAPTOP-CBJP1AE2>

--===============0739886684==
Content-Type: text/plain; charset="utf-8"
MIME-Version: 1.0
Content-Transfer-Encoding: 7bit



To activate your profile, please follow this link:

http://127.0.0.1:8000/accounts/activate/O5WwNmg0N0a4V37G9UIs/

--===============0739886684==
Content-Type: text/html; charset="utf-8"
MIME-Version: 1.0
Content-Transfer-Encoding: 7bit



<!DOCTYPE html PUBLIC "-//W3C//DTD XHTML 1.0 Transitional//EN"
        "http://www.w3.org/TR/xhtml1/DTD/xhtml1-transitional.dtd">
<html xmlns="http://www.w3.org/1999/xhtml">
<head>
    <meta http-equiv="Content-Type" content="text/html; charset=UTF-8"/>
    <title>Profile activation</title>
    <meta name="viewport" content="width=device-width, initial-scale=1.0"/>
</head>

<body>

<p>
    To activate your profile, please follow this link:
</p>

<p>
    <a href="http://127.0.0.1:8000/accounts/activate/O5WwNmg0N0a4V37G9UIs/">http://127.0.0.1:8000/accounts/activate/O5WwNmg0N0a4V37G9UIs/</a>
</p>

</body>

</html>

--===============0739886684==--

-------------------------------------------------------------------------------
